<?xml version="1.0" encoding="UTF-8"?>
<!-- Generated by org.testng.reporters.JUnitXMLReporter -->
<testsuite ignored="0" hostname="BhargaviShetty" failures="1" tests="1" name="Default test(failed)" time="0.008" errors="0" timestamp="2024-09-21T20:18:06 IST">
  <testcase classname="testNGpackage.LoginTest" name="LoginPage" time="0.0">
    <failure type="org.testng.TestNGException" message="
Parameter &amp;apos;url&amp;apos; is required by @Test on method LoginPage but has not been marked @Optional or defined
in C:\Users\Bubby\eclipse-workspace\MySeleniumPractice\test-output\Default suite\testng-failed.xml">
      <![CDATA[org.testng.TestNGException: 
Parameter 'url' is required by @Test on method LoginPage but has not been marked @Optional or defined
in C:\Users\Bubby\eclipse-workspace\MySeleniumPractice\test-output\Default suite\testng-failed.xml
at java.base/java.util.ArrayList.forEach(ArrayList.java:1597)
... Removed 26 stack frames]]>
    </failure>
  </testcase> <!-- LoginPage -->
</testsuite> <!-- Default test(failed) -->
